# JRE version: Java(TM) SE Runtime Environment (24.0.2+12) (build 24.0.2+12-54)
# Java VM: Java HotSpot(TM) 64-Bit Server VM (24.0.2+12-54, mixed mode, sharing, tiered, compressed oops, compressed class ptrs, g1 gc, windows-amd64)
GC Precious Log:
 CardTable entry size: 512
 Card Set container configuration: InlinePtr #cards 5 size 8 Array Of Cards #cards 10 size 36 Howl #buckets 4 coarsen threshold 1843 Howl Bitmap #cards 512 size 80 coarsen threshold 460 Card regions per heap region 1 cards per card region 2048
 CPUs: 8 total, 8 available
 Memory: 7413M
 Large Page Support: Disabled
 NUMA Support: Disabled
 Compressed Oops: Enabled (32-bit)
 Heap Region Size: 1M
 Heap Min Capacity: 8M
 Heap Initial Capacity: 116M
 Heap Max Capacity: 1854M
 Pre-touch: Disabled
 Parallel Workers: 8
 Concurrent Workers: 2
 Concurrent Refinement Workers: 8
 Periodic GC: Disabled
Heap:
 garbage-first heap   total reserved 1898496K, committed 120832K, used 42311K [0x000000008c200000, 0x0000000100000000)
  region size 1024K, 15 young (15360K), 6 survivors (6144K)
 Metaspace       used 10244K, committed 10432K, reserved 1114112K
  class space    used 784K, committed 832K, reserved 1048576K
GC Heap History (20 events):
Event: 602.226 GC heap before
{Heap before GC invocations=20 (full 0):
 garbage-first heap   total reserved 1898496K, committed 120832K, used 96553K [0x000000008c200000, 0x0000000100000000)
  region size 1024K, 69 young (70656K), 3 survivors (3072K)
 Metaspace       used 10162K, committed 10368K, reserved 1114112K
  class space    used 778K, committed 832K, reserved 1048576K
}
Event: 602.227 GC heap after
{Heap after GC invocations=21 (full 0):
 garbage-first heap   total reserved 1898496K, committed 120832K, used 29273K [0x000000008c200000, 0x0000000100000000)
  region size 1024K, 2 young (2048K), 2 survivors (2048K)
 Metaspace       used 10162K, committed 10368K, reserved 1114112K
  class space    used 778K, committed 832K, reserved 1048576K
}
Event: 636.259 GC heap before
{Heap before GC invocations=21 (full 0):
 garbage-first heap   total reserved 1898496K, committed 120832K, used 96857K [0x000000008c200000, 0x0000000100000000)
  region size 1024K, 69 young (70656K), 2 survivors (2048K)
 Metaspace       used 10162K, committed 10368K, reserved 1114112K
  class space    used 778K, committed 832K, reserved 1048576K
}
Event: 636.260 GC heap after
{Heap after GC invocations=22 (full 0):
 garbage-first heap   total reserved 1898496K, committed 120832K, used 27759K [0x000000008c200000, 0x0000000100000000)
  region size 1024K, 1 young (1024K), 1 survivors (1024K)
 Metaspace       used 10162K, committed 10368K, reserved 1114112K
  class space    used 778K, committed 832K, reserved 1048576K
}
Event: 671.827 GC heap before
{Heap before GC invocations=22 (full 0):
 garbage-first heap   total reserved 1898496K, committed 120832K, used 96367K [0x000000008c200000, 0x0000000100000000)
  region size 1024K, 69 young (70656K), 1 survivors (1024K)
 Metaspace       used 10162K, committed 10368K, reserved 1114112K
  class space    used 778K, committed 832K, reserved 1048576K
}
Event: 671.828 GC heap after
{Heap after GC invocations=23 (full 0):
 garbage-first heap   total reserved 1898496K, committed 120832K, used 28703K [0x000000008c200000, 0x0000000100000000)
  region size 1024K, 2 young (2048K), 2 survivors (2048K)
 Metaspace       used 10162K, committed 10368K, reserved 1114112K
  class space    used 778K, committed 832K, reserved 1048576K
}
Event: 706.150 GC heap before
{Heap before GC invocations=23 (full 0):
 garbage-first heap   total reserved 1898496K, committed 120832K, used 96287K [0x000000008c200000, 0x0000000100000000)
  region size 1024K, 69 young (70656K), 2 survivors (2048K)
 Metaspace       used 10162K, committed 10368K, reserved 1114112K
  class space    used 778K, committed 832K, reserved 1048576K
}
Event: 706.151 GC heap after
{Heap after GC invocations=24 (full 0):
 garbage-first heap   total reserved 1898496K, committed 120832K, used 28711K [0x000000008c200000, 0x0000000100000000)
  region size 1024K, 2 young (2048K), 2 survivors (2048K)
 Metaspace       used 10162K, committed 10368K, reserved 1114112K
  class space    used 778K, committed 832K, reserved 1048576K
}
Event: 739.831 GC heap before
{Heap before GC invocations=24 (full 0):
 garbage-first heap   total reserved 1898496K, committed 120832K, used 96295K [0x000000008c200000, 0x0000000100000000)
  region size 1024K, 69 young (70656K), 2 survivors (2048K)
 Metaspace       used 10164K, committed 10368K, reserved 1114112K
  class space    used 778K, committed 832K, reserved 1048576K
}
Event: 739.832 GC heap after
{Heap after GC invocations=25 (full 0):
 garbage-first heap   total reserved 1898496K, committed 120832K, used 28989K [0x000000008c200000, 0x0000000100000000)
  region size 1024K, 2 young (2048K), 2 survivors (2048K)
 Metaspace       used 10164K, committed 10368K, reserved 1114112K
  class space    used 778K, committed 832K, reserved 1048576K
}
Event: 768.210 GC heap before
{Heap before GC invocations=25 (full 0):
 garbage-first heap   total reserved 1898496K, committed 120832K, used 96573K [0x000000008c200000, 0x0000000100000000)
  region size 1024K, 69 young (70656K), 2 survivors (2048K)
 Metaspace       used 10174K, committed 10368K, reserved 1114112K
  class space    used 778K, committed 832K, reserved 1048576K
}
Event: 768.212 GC heap after
{Heap after GC invocations=26 (full 0):
 garbage-first heap   total reserved 1898496K, committed 120832K, used 29749K [0x000000008c200000, 0x0000000100000000)
  region size 1024K, 3 young (3072K), 3 survivors (3072K)
 Metaspace       used 10174K, committed 10368K, reserved 1114112K
  class space    used 778K, committed 832K, reserved 1048576K
}
Event: 795.693 GC heap before
{Heap before GC invocations=26 (full 0):
 garbage-first heap   total reserved 1898496K, committed 120832K, used 96309K [0x000000008c200000, 0x0000000100000000)
  region size 1024K, 69 young (70656K), 3 survivors (3072K)
 Metaspace       used 10174K, committed 10368K, reserved 1114112K
  class space    used 778K, committed 832K, reserved 1048576K
}
Event: 795.695 GC heap after
{Heap after GC invocations=27 (full 0):
 garbage-first heap   total reserved 1898496K, committed 120832K, used 30214K [0x000000008c200000, 0x0000000100000000)
  region size 1024K, 3 young (3072K), 3 survivors (3072K)
 Metaspace       used 10174K, committed 10368K, reserved 1114112K
  class space    used 778K, committed 832K, reserved 1048576K
}
Event: 827.659 GC heap before
{Heap before GC invocations=27 (full 0):
 garbage-first heap   total reserved 1898496K, committed 120832K, used 97798K [0x000000008c200000, 0x0000000100000000)
  region size 1024K, 69 young (70656K), 3 survivors (3072K)
 Metaspace       used 10225K, committed 10432K, reserved 1114112K
  class space    used 782K, committed 832K, reserved 1048576K
}
Event: 827.661 GC heap after
{Heap after GC invocations=28 (full 0):
 garbage-first heap   total reserved 1898496K, committed 120832K, used 33826K [0x000000008c200000, 0x0000000100000000)
  region size 1024K, 6 young (6144K), 6 survivors (6144K)
 Metaspace       used 10225K, committed 10432K, reserved 1114112K
  class space    used 782K, committed 832K, reserved 1048576K
}
Event: 857.609 GC heap before
{Heap before GC invocations=28 (full 0):
 garbage-first heap   total reserved 1898496K, committed 120832K, used 101410K [0x000000008c200000, 0x0000000100000000)
  region size 1024K, 69 young (70656K), 6 survivors (6144K)
 Metaspace       used 10235K, committed 10432K, reserved 1114112K
  class space    used 783K, committed 832K, reserved 1048576K
}
Event: 857.611 GC heap after
{Heap after GC invocations=29 (full 0):
 garbage-first heap   total reserved 1898496K, committed 120832K, used 36356K [0x000000008c200000, 0x0000000100000000)
  region size 1024K, 4 young (4096K), 4 survivors (4096K)
 Metaspace       used 10235K, committed 10432K, reserved 1114112K
  class space    used 783K, committed 832K, reserved 1048576K
}
Event: 902.133 GC heap before
{Heap before GC invocations=29 (full 0):
 garbage-first heap   total reserved 1898496K, committed 120832K, used 102916K [0x000000008c200000, 0x0000000100000000)
  region size 1024K, 69 young (70656K), 4 survivors (4096K)
 Metaspace       used 10235K, committed 10432K, reserved 1114112K
  class space    used 783K, committed 832K, reserved 1048576K
}
Event: 902.138 GC heap after
{Heap after GC invocations=30 (full 0):
 garbage-first heap   total reserved 1898496K, committed 120832K, used 34119K [0x000000008c200000, 0x0000000100000000)
  region size 1024K, 6 young (6144K), 6 survivors (6144K)
 Metaspace       used 10235K, committed 10432K, reserved 1114112K
  class space    used 783K, committed 832K, reserved 1048576K
}

